This is pdfTeX, Version 3.1415926-1.40.11 (TeX Live 2010) (format=latex 2011.4.4)  4 APR 2011 18:02
entering extended mode
 restricted \write18 enabled.
 %&-line parsing enabled.
**geral.tex
(./geral.tex
LaTeX2e <2009/09/24>
Babel <v3.8l> and hyphenation patterns for english, dumylang, nohyphenation, ge
rman-x-2009-06-19, ngerman-x-2009-06-19, ancientgreek, ibycus, arabic, armenian
, basque, bulgarian, catalan, pinyin, coptic, croatian, czech, danish, dutch, u
kenglish, usenglishmax, esperanto, estonian, farsi, finnish, french, galician, 
german, ngerman, swissgerman, monogreek, greek, hungarian, icelandic, assamese,
 bengali, gujarati, hindi, kannada, malayalam, marathi, oriya, panjabi, tamil, 
telugu, indonesian, interlingua, irish, italian, kurmanji, lao, latin, latvian,
 lithuanian, mongolian, mongolianlmc, bokmal, nynorsk, polish, portuguese, roma
nian, russian, sanskrit, serbian, slovak, slovenian, spanish, swedish, turkish,
 turkmen, ukrainian, uppersorbian, welsh, loaded.
(/usr/local/texlive/2010/texmf-dist/tex/latex/base/article.cls
Document Class: article 2007/10/19 v1.4h Standard LaTeX document class
(/usr/local/texlive/2010/texmf-dist/tex/latex/base/size10.clo
File: size10.clo 2007/10/19 v1.4h Standard LaTeX file (size option)
)
\c@part=\count79
\c@section=\count80
\c@subsection=\count81
\c@subsubsection=\count82
\c@paragraph=\count83
\c@subparagraph=\count84
\c@figure=\count85
\c@table=\count86
\abovecaptionskip=\skip41
\belowcaptionskip=\skip42
\bibindent=\dimen102
)
No file geral.aux.
\openout1 = `geral.aux'.

LaTeX Font Info:    Checking defaults for OML/cmm/m/it on input line 3.
LaTeX Font Info:    ... okay on input line 3.
LaTeX Font Info:    Checking defaults for T1/cmr/m/n on input line 3.
LaTeX Font Info:    ... okay on input line 3.
LaTeX Font Info:    Checking defaults for OT1/cmr/m/n on input line 3.
LaTeX Font Info:    ... okay on input line 3.
LaTeX Font Info:    Checking defaults for OMS/cmsy/m/n on input line 3.
LaTeX Font Info:    ... okay on input line 3.
LaTeX Font Info:    Checking defaults for OMX/cmex/m/n on input line 3.
LaTeX Font Info:    ... okay on input line 3.
LaTeX Font Info:    Checking defaults for U/cmr/m/n on input line 3.
LaTeX Font Info:    ... okay on input line 3.
Missing character: There is no ç in font cmbx12!
Missing character: There is no ã in font cmbx12!
LaTeX Font Info:    Try loading font information for OMS+cmr on input line 11.
(/usr/local/texlive/2010/texmf-dist/tex/latex/base/omscmr.fd
File: omscmr.fd 1999/05/25 v2.5h Standard LaTeX font definitions
)
LaTeX Font Info:    Font shape `OMS/cmr/m/n' in size <10> not available
(Font)              Font shape `OMS/cmsy/m/n' tried instead on input line 11.
Missing character: There is no ó in font cmr10!
Missing character: There is no ó in font cmr10!
Missing character: There is no ç in font cmr10!
Missing character: There is no ç in font cmr10!
Missing character: There is no ó in font cmr10!
Missing character: There is no ç in font cmr10!
Missing character: There is no ã in font cmr10!
Missing character: There is no ã in font cmr10!
Missing character: There is no ç in font cmr10!
Missing character: There is no ã in font cmr10!
Missing character: There is no ç in font cmr10!
Missing character: There is no ã in font cmr10!
Missing character: There is no ç in font cmr10!
Missing character: There is no ê in font cmr10!
Missing character: There is no ã in font cmr10!
Missing character: There is no ç in font cmr10!
Missing character: There is no ã in font cmr10!
Missing character: There is no ç in font cmr10!
Missing character: There is no ç in font cmr10!
Missing character: There is no Á in font cmr10!
Missing character: There is no ã in font cmr10!
Missing character: There is no ã in font cmr10!
Missing character: There is no Á in font cmr10!
Missing character: There is no ç in font cmr10!
Missing character: There is no ê in font cmr10!
Missing character: There is no ã in font cmr10!
Missing character: There is no ç in font cmr10!
Missing character: There is no ã in font cmr10!
Missing character: There is no ê in font cmr10!
Missing character: There is no í in font cmr10!
Missing character: There is no ç in font cmr10!
Missing character: There is no ã in font cmr10!
Missing character: There is no ç in font cmr10!
Missing character: There is no ã in font cmr10!
Missing character: There is no ç in font cmr10!
Missing character: There is no ã in font cmr10!
Missing character: There is no ç in font cmr10!
Missing character: There is no ã in font cmr10!
Missing character: There is no ç in font cmr10!
Missing character: There is no ã in font cmr10!
Missing character: There is no ã in font cmr10!
Missing character: There is no õ in font cmr10!
Missing character: There is no ç in font cmr10!
Missing character: There is no ã in font cmr10!
 [1

] (./geral.aux) ) 
Here is how much of TeX's memory you used:
 222 strings out of 493748
 2500 string characters out of 3143570
 52070 words of memory out of 3000000
 3598 multiletter control sequences out of 15000+200000
 4850 words of font info for 18 fonts, out of 3000000 for 9000
 714 hyphenation exceptions out of 8191
 23i,4n,19p,136b,143s stack positions out of 5000i,500n,10000p,200000b,50000s

Output written on geral.dvi (1 page, 2596 bytes).
